<?xml version="1.0" encoding="UTF-8"?>
<testsuite name="challenge.CriptografiaCesarianaSubmissionTest" tests="10" skipped="0" failures="0" errors="0" timestamp="2021-10-20T15:46:50" hostname="SeNNio-PC" time="0.014">
  <properties/>
  <testcase name="deveRetornarErroQuandoCriptografaTextoEhNulo" classname="challenge.CriptografiaCesarianaSubmissionTest" time="0.001"/>
  <testcase name="deveConverterCaracteresParaMinusculoNaDescriptografia" classname="challenge.CriptografiaCesarianaSubmissionTest" time="0.003"/>
  <testcase name="deveManterOsNumerosNaCriptografia" classname="challenge.CriptografiaCesarianaSubmissionTest" time="0.002"/>
  <testcase name="deveConverterCaracteresParaMinusculoNaCriptografia" classname="challenge.CriptografiaCesarianaSubmissionTest" time="0.001"/>
  <testcase name="deveManterOsNumerosNaDescriptografia" classname="challenge.CriptografiaCesarianaSubmissionTest" time="0.001"/>
  <testcase name="deveRetornarErroQuandoDesCriptografaTextoEhNulo" classname="challenge.CriptografiaCesarianaSubmissionTest" time="0.0"/>
  <testcase name="deveRetornarErroQuandoODesCriptografaTextoEhVazio" classname="challenge.CriptografiaCesarianaSubmissionTest" time="0.0"/>
  <testcase name="deveCriptografarTexto" classname="challenge.CriptografiaCesarianaSubmissionTest" time="0.001"/>
  <testcase name="deveRetornarErroQuandoOCriptografaTextoEhVazio" classname="challenge.CriptografiaCesarianaSubmissionTest" time="0.0"/>
  <testcase name="deveDescriptografarTexto" classname="challenge.CriptografiaCesarianaSubmissionTest" time="0.002"/>
  <system-out><![CDATA[
a
ap
apr
apre
apren
aprend
aprende
aprender 
aprender j
aprender ja
aprender jav
aprender java 
aprender java g
aprender java ge
aprender java ger
aprender java gera 
aprender java gera f
aprender java gera fe
aprender java gera fel
aprender java gera feli
aprender java gera felic
aprender java gera felici
aprender java gera felicid
aprender java gera felicida
aprender java gera felicidad

v
vh
vhm
vhmd
vhmdp 
vhmdp e
vhmdp eh
vhmdp ehp 
vhmdp ehp y
vhmdp ehp yl
vhmdp ehp ylq
vhmdp ehp ylqg
vhmdp ehp ylqgr
vhmdp ehp ylqgrv 
vhmdp ehp ylqgrv d
vhmdp ehp ylqgrv dr 
vhmdp ehp ylqgrv dr d
vhmdp ehp ylqgrv dr df
vhmdp ehp ylqgrv dr dfh
vhmdp ehp ylqgrv dr dfho
vhmdp ehp ylqgrv dr dfhoh
vhmdp ehp ylqgrv dr dfhohu
vhmdp ehp ylqgrv dr dfhohud 
vhmdp ehp ylqgrv dr dfhohud e
vhmdp ehp ylqgrv dr dfhohud eu
vhmdp ehp ylqgrv dr dfhohud eud
vhmdp ehp ylqgrv dr dfhohud eudv
vhmdp ehp ylqgrv dr dfhohud eudvl

d
ds
dsu
dsuh
dsuhq
dsuhqg
dsuhqgh
dsuhqghu 
dsuhqghu m
dsuhqghu md
dsuhqghu mdy
dsuhqghu mdyd 
dsuhqghu mdyd j
dsuhqghu mdyd jh
dsuhqghu mdyd jhu
dsuhqghu mdyd jhud 
dsuhqghu mdyd jhud i
dsuhqghu mdyd jhud ih
dsuhqghu mdyd jhud iho
dsuhqghu mdyd jhud ihol
dsuhqghu mdyd jhud iholf
dsuhqghu mdyd jhud iholfl
dsuhqghu mdyd jhud iholflg
dsuhqghu mdyd jhud iholflgd
dsuhqghu mdyd jhud iholflgdg

s
se
sej
seja
sejam 
sejam b
sejam be
sejam bem 
sejam bem v
sejam bem vi
sejam bem vin
sejam bem vind
sejam bem vindo
sejam bem vindos 
sejam bem vindos a
sejam bem vindos ao 
sejam bem vindos ao a
sejam bem vindos ao ac
sejam bem vindos ao ace
sejam bem vindos ao acel
sejam bem vindos ao acele
sejam bem vindos ao aceler
sejam bem vindos ao acelera 
sejam bem vindos ao acelera b
sejam bem vindos ao acelera br
sejam bem vindos ao acelera bra
sejam bem vindos ao acelera bras
sejam bem vindos ao acelera brasi

d 
d o
d ol
d olj
d oljh
d oljhl
d oljhlu
d oljhlud 
d oljhlud u
d oljhlud ud
d oljhlud uds
d oljhlud udsr
d oljhlud udsrv
d oljhlud udsrvd 
d oljhlud udsrvd p
d oljhlud udsrvd pd
d oljhlud udsrvd pdu
d oljhlud udsrvd pduu
d oljhlud udsrvd pduur
d oljhlud udsrvd pduurp 
d oljhlud udsrvd pduurp v
d oljhlud udsrvd pduurp vd
d oljhlud udsrvd pduurp vdo
d oljhlud udsrvd pduurp vdow
d oljhlud udsrvd pduurp vdowr
d oljhlud udsrvd pduurp vdowrx 
d oljhlud udsrvd pduurp vdowrx v
d oljhlud udsrvd pduurp vdowrx vr
d oljhlud udsrvd pduurp vdowrx vre
d oljhlud udsrvd pduurp vdowrx vreu
d oljhlud udsrvd pduurp vdowrx vreuh 
d oljhlud udsrvd pduurp vdowrx vreuh r 
d oljhlud udsrvd pduurp vdowrx vreuh r f
d oljhlud udsrvd pduurp vdowrx vreuh r fd
d oljhlud udsrvd pduurp vdowrx vreuh r fdf
d oljhlud udsrvd pduurp vdowrx vreuh r fdfk
d oljhlud udsrvd pduurp vdowrx vreuh r fdfkr
d oljhlud udsrvd pduurp vdowrx vreuh r fdfkru
d oljhlud udsrvd pduurp vdowrx vreuh r fdfkruu
d oljhlud udsrvd pduurp vdowrx vreuh r fdfkruur 
d oljhlud udsrvd pduurp vdowrx vreuh r fdfkruur f
d oljhlud udsrvd pduurp vdowrx vreuh r fdfkruur fd
d oljhlud udsrvd pduurp vdowrx vreuh r fdfkruur fdq
d oljhlud udsrvd pduurp vdowrx vreuh r fdfkruur fdqv
d oljhlud udsrvd pduurp vdowrx vreuh r fdfkruur fdqvd
d oljhlud udsrvd pduurp vdowrx vreuh r fdfkruur fdqvdg

a 
a l
a li
a lig
a lige
a ligei
a ligeir
a ligeira 
a ligeira r
a ligeira ra
a ligeira rap
a ligeira rapo
a ligeira rapos
a ligeira raposa 
a ligeira raposa m
a ligeira raposa ma
a ligeira raposa mar
a ligeira raposa marr
a ligeira raposa marro
a ligeira raposa marrom 
a ligeira raposa marrom s
a ligeira raposa marrom sa
a ligeira raposa marrom sal
a ligeira raposa marrom salt
a ligeira raposa marrom salto
a ligeira raposa marrom saltou 
a ligeira raposa marrom saltou s
a ligeira raposa marrom saltou so
a ligeira raposa marrom saltou sob
a ligeira raposa marrom saltou sobr
a ligeira raposa marrom saltou sobre 
a ligeira raposa marrom saltou sobre o 
a ligeira raposa marrom saltou sobre o c
a ligeira raposa marrom saltou sobre o ca
a ligeira raposa marrom saltou sobre o cac
a ligeira raposa marrom saltou sobre o cach
a ligeira raposa marrom saltou sobre o cacho
a ligeira raposa marrom saltou sobre o cachor
a ligeira raposa marrom saltou sobre o cachorr
a ligeira raposa marrom saltou sobre o cachorro 
a ligeira raposa marrom saltou sobre o cachorro c
a ligeira raposa marrom saltou sobre o cachorro ca
a ligeira raposa marrom saltou sobre o cachorro can
a ligeira raposa marrom saltou sobre o cachorro cans
a ligeira raposa marrom saltou sobre o cachorro cansa
a ligeira raposa marrom saltou sobre o cachorro cansad
]]></system-out>
  <system-err><![CDATA[]]></system-err>
</testsuite>
